[debug] [2022-03-12T11:43:11.062Z] ----------------------------------------------------------------------
[debug] [2022-03-12T11:43:11.064Z] Command:       C:\laragon\bin\nodejs\node-v14\node.exe C:\Users\Infographiste\AppData\Roaming\npm\node_modules\firebase-tools\lib\bin\firebase.js emulators:start
[debug] [2022-03-12T11:43:11.064Z] CLI Version:   10.2.2
[debug] [2022-03-12T11:43:11.065Z] Platform:      win32
[debug] [2022-03-12T11:43:11.065Z] Node Version:  v14.16.1
[debug] [2022-03-12T11:43:11.066Z] Time:          Sat Mar 12 2022 12:43:11 GMT+0100 (UTC+01:00)
[debug] [2022-03-12T11:43:11.066Z] ----------------------------------------------------------------------
[debug] 
[debug] [2022-03-12T11:43:11.138Z] > command requires scopes: ["email","openid","https://www.googleapis.com/auth/cloudplatformprojects.readonly","https://www.googleapis.com/auth/firebase","https://www.googleapis.com/auth/cloud-platform"]
[debug] [2022-03-12T11:43:11.138Z] > authorizing via signed-in user (mrwanlaroussi@gmail.com)
[info] i  emulators: Starting emulators: functions, hosting {"metadata":{"emulator":{"name":"hub"},"message":"Starting emulators: functions, hosting"}}
[warn] !  emulators: It seems that you are running multiple instances of the emulator suite for project clone-app-3fd1d. This may result in unexpected behavior. 
[debug] [2022-03-12T11:43:11.171Z] [hub] writing locator at C:\Users\INFOGR~1\AppData\Local\Temp\hub-clone-app-3fd1d.json
[warn] !  functions: The following emulators are not running, calls to these services from the Functions emulator will affect production: auth, firestore, database, pubsub, storage {"metadata":{"emulator":{"name":"functions"},"message":"The following emulators are not running, calls to these services from the Functions emulator will affect production: \u001b[1mauth, firestore, database, pubsub, storage\u001b[22m"}}
[warn] !  Your requested "node" version "16" doesn't match your global version "14". Using node@14 from host. {"metadata":{"emulator":{"name":"functions"},"message":"Your requested \"node\" version \"16\" doesn't match your global version \"14\". Using node@14 from host."}}
[debug] [2022-03-12T11:43:11.187Z] defaultcredentials: writing to file C:\Users\Infographiste\AppData\Roaming\firebase\mrwanlaroussi_gmail_com_application_default_credentials.json
[debug] [2022-03-12T11:43:11.189Z] Setting GAC to C:\Users\Infographiste\AppData\Roaming\firebase\mrwanlaroussi_gmail_com_application_default_credentials.json {"metadata":{"emulator":{"name":"functions"},"message":"Setting GAC to C:\\Users\\Infographiste\\AppData\\Roaming\\firebase\\mrwanlaroussi_gmail_com_application_default_credentials.json"}}
[debug] [2022-03-12T11:43:11.190Z] > refreshing access token with scopes: []
[debug] [2022-03-12T11:43:11.191Z] >>> HTTP REQUEST POST https://www.googleapis.com/oauth2/v3/token  
 <request body omitted>
[debug] [2022-03-12T11:43:11.541Z] <<< HTTP RESPONSE 200 {"pragma":"no-cache","expires":"Mon, 01 Jan 1990 00:00:00 GMT","date":"Sat, 12 Mar 2022 11:43:11 GMT","cache-control":"no-cache, no-store, max-age=0, must-revalidate","content-type":"application/json; charset=utf-8","vary":"X-Origin, Referer, Origin,Accept-Encoding","server":"scaffolding on HTTPServer2","x-xss-protection":"0","x-frame-options":"SAMEORIGIN","x-content-type-options":"nosniff","alt-svc":"h3=\":443\"; ma=2592000,h3-29=\":443\"; ma=2592000,h3-Q050=\":443\"; ma=2592000,h3-Q046=\":443\"; ma=2592000,h3-Q043=\":443\"; ma=2592000,quic=\":443\"; ma=2592000; v=\"46,43\"","accept-ranges":"none","transfer-encoding":"chunked"}
[debug] [2022-03-12T11:43:11.576Z] >>> [apiv2][query] GET https://firebase.googleapis.com/v1beta1/projects/clone-app-3fd1d/adminSdkConfig [none]
[debug] [2022-03-12T11:43:12.066Z] <<< [apiv2][status] GET https://firebase.googleapis.com/v1beta1/projects/clone-app-3fd1d/adminSdkConfig 200
[debug] [2022-03-12T11:43:12.066Z] <<< [apiv2][body] GET https://firebase.googleapis.com/v1beta1/projects/clone-app-3fd1d/adminSdkConfig {"projectId":"clone-app-3fd1d","storageBucket":"clone-app-3fd1d.appspot.com","locationId":"us-central"}
[debug] [2022-03-12T11:43:12.121Z] >>> [apiv2][query] GET https://firebasehosting.googleapis.com/v1beta1/projects/clone-app-3fd1d/sites 
[debug] [2022-03-12T11:43:13.234Z] <<< [apiv2][status] GET https://firebasehosting.googleapis.com/v1beta1/projects/clone-app-3fd1d/sites 200
[debug] [2022-03-12T11:43:13.234Z] <<< [apiv2][body] GET https://firebasehosting.googleapis.com/v1beta1/projects/clone-app-3fd1d/sites {"sites":[{"name":"projects/432723787766/sites/clone-app-3fd1d","defaultUrl":"https://clone-app-3fd1d.web.app","appId":"1:432723787766:web:ed5aad530d5c890367d1d7","type":"DEFAULT_SITE"}]}
[debug] [2022-03-12T11:43:13.234Z] >>> [apiv2][query] GET https://firebase.googleapis.com/v1beta1/projects/clone-app-3fd1d/webApps/1:432723787766:web:ed5aad530d5c890367d1d7/config [none]
[debug] [2022-03-12T11:43:14.143Z] <<< [apiv2][status] GET https://firebase.googleapis.com/v1beta1/projects/clone-app-3fd1d/webApps/1:432723787766:web:ed5aad530d5c890367d1d7/config 200
[debug] [2022-03-12T11:43:14.144Z] <<< [apiv2][body] GET https://firebase.googleapis.com/v1beta1/projects/clone-app-3fd1d/webApps/1:432723787766:web:ed5aad530d5c890367d1d7/config {"projectId":"clone-app-3fd1d","appId":"1:432723787766:web:ed5aad530d5c890367d1d7","storageBucket":"clone-app-3fd1d.appspot.com","locationId":"us-central","apiKey":"AIzaSyAE4ddk-7GcmSxTnvFXnVo3Mh5nY9R2Hbk","authDomain":"clone-app-3fd1d.firebaseapp.com","messagingSenderId":"432723787766","measurementId":"G-QY55XF08W9"}
[info] i  hosting: Serving hosting files from: build {"metadata":{"emulator":{"name":"hosting"},"message":"Serving hosting files from: \u001b[1mbuild\u001b[22m"}}
[info] +  hosting: Local server: http://localhost:5000 {"metadata":{"emulator":{"name":"hosting"},"message":"Local server: \u001b[4m\u001b[1mhttp://localhost:5000\u001b[22m\u001b[24m"}}
[debug] [2022-03-12T11:43:14.228Z] Ignoring unsupported arg: auto_download {"metadata":{"emulator":{"name":"ui"},"message":"Ignoring unsupported arg: auto_download"}}
[debug] [2022-03-12T11:43:14.230Z] Ignoring unsupported arg: port {"metadata":{"emulator":{"name":"ui"},"message":"Ignoring unsupported arg: port"}}
[debug] [2022-03-12T11:43:14.230Z] Starting Emulator UI with command {"binary":"node","args":["C:\\Users\\Infographiste\\.cache\\firebase\\emulators\\ui-v1.6.5\\server.bundle.js"],"optionalArgs":[],"joinArgs":false} {"metadata":{"emulator":{"name":"ui"},"message":"Starting Emulator UI with command {\"binary\":\"node\",\"args\":[\"C:\\\\Users\\\\Infographiste\\\\.cache\\\\firebase\\\\emulators\\\\ui-v1.6.5\\\\server.bundle.js\"],\"optionalArgs\":[],\"joinArgs\":false}"}}
[info] i  ui: Emulator UI logging to ui-debug.log {"metadata":{"emulator":{"name":"ui"},"message":"Emulator UI logging to \u001b[1mui-debug.log\u001b[22m"}}
[debug] [2022-03-12T11:43:14.418Z] Web / API server started at localhost:4000
 {"metadata":{"emulator":{"name":"ui"},"message":"Web / API server started at localhost:4000\n"}}
[info] i  functions: Watching "E:\react-project-app\amazon-clone\functions" for Cloud Functions... {"metadata":{"emulator":{"name":"functions"},"message":"Watching \"E:\\react-project-app\\amazon-clone\\functions\" for Cloud Functions..."}}
[debug] [2022-03-12T11:43:14.531Z] Validating nodejs source
[debug] [2022-03-12T11:43:17.186Z] > [functions] package.json contents: {
  "name": "functions",
  "description": "Cloud Functions for Firebase",
  "scripts": {
    "lint": "eslint",
    "serve": "firebase emulators:start --only functions",
    "shell": "firebase functions:shell",
    "start": "npm run shell",
    "deploy": "firebase deploy --only functions",
    "logs": "firebase functions:log"
  },
  "engines": {
    "node": "16"
  },
  "main": "index.js",
  "dependencies": {
    "cors": "^2.8.5",
    "express": "^4.17.3",
    "firebase-admin": "^10.0.2",
    "firebase-functions": "^3.18.0",
    "stripe": "^8.207.0"
  },
  "devDependencies": {
    "eslint": "^8.9.0",
    "eslint-config-google": "^0.14.0",
    "firebase-functions-test": "^0.2.0"
  },
  "private": true
}
[debug] [2022-03-12T11:43:17.186Z] Building nodejs source
[debug] [2022-03-12T11:43:17.186Z] Analyzing nodejs backend spec
[info] +  functions[us-central1-api]: http function initialized (http://localhost:5001/clone-app-3fd1d/us-central1/api). {"metadata":{"emulator":{"name":"functions"},"message":"\u001b[1mhttp\u001b[22m function initialized (http://localhost:5001/clone-app-3fd1d/us-central1/api)."}}
[info] 
┌─────────────────────────────────────────────────────────────┐
│ ✔  All emulators ready! It is now safe to connect your app. │
│ i  View Emulator UI at http://localhost:4000                │
└─────────────────────────────────────────────────────────────┘

┌───────────┬────────────────┬─────────────────────────────────┐
│ Emulator  │ Host:Port      │ View in Emulator UI             │
├───────────┼────────────────┼─────────────────────────────────┤
│ Functions │ localhost:5001 │ http://localhost:4000/functions │
├───────────┼────────────────┼─────────────────────────────────┤
│ Hosting   │ localhost:5000 │ n/a                             │
└───────────┴────────────────┴─────────────────────────────────┘
  Emulator Hub running at localhost:4400
  Other reserved ports: 4500

Issues? Report them at https://github.com/firebase/firebase-tools/issues and attach the *-debug.log files.
 
[debug] [2022-03-12T11:43:32.648Z] [work-queue] {"queueLength":1,"workRunningCount":0}
[debug] [2022-03-12T11:43:32.648Z] [work-queue] {"queueLength":0,"workRunningCount":1}
[debug] [2022-03-12T11:43:32.648Z] Accepted request POST /clone-app-3fd1d/us-central1/api/payments/create?total=0 --> us-central1-api
[debug] [2022-03-12T11:43:32.660Z] [worker-pool] addWorker(us-central1-api) {"metadata":{"emulator":{"name":"functions"},"message":"[worker-pool] addWorker(us-central1-api)"}}
[debug] [2022-03-12T11:43:32.660Z] [worker-pool] Adding worker with key us-central1-api, total=1 {"metadata":{"emulator":{"name":"functions"},"message":"[worker-pool] Adding worker with key us-central1-api, total=1"}}
[debug] [2022-03-12T11:43:32.661Z] [worker-pool] submitWork(triggerId=us-central1-api) {"metadata":{"emulator":{"name":"functions"},"message":"[worker-pool] submitWork(triggerId=us-central1-api)"}}
[debug] [2022-03-12T11:43:32.661Z] [worker-us-central1-api-bc2245fa-01c0-4c61-b147-babfd7d5cdcb]: Assigning socketPath: \\?\pipe\E:\react-project-app\amazon-clone\functions\34072 {"metadata":{"emulator":{"name":"functions"},"message":"[worker-us-central1-api-bc2245fa-01c0-4c61-b147-babfd7d5cdcb]: Assigning socketPath: \\\\?\\pipe\\E:\\react-project-app\\amazon-clone\\functions\\34072"}}
[debug] [2022-03-12T11:43:32.661Z] [worker-us-central1-api-bc2245fa-01c0-4c61-b147-babfd7d5cdcb]: BUSY {"metadata":{"emulator":{"name":"functions"},"message":"[worker-us-central1-api-bc2245fa-01c0-4c61-b147-babfd7d5cdcb]: BUSY"}}
[debug] [2022-03-12T11:43:34.810Z] [runtime-status] [34072] Functions runtime initialized. {"cwd":"E:\\react-project-app\\amazon-clone\\functions","node_version":"14.16.1"} {"metadata":{"emulator":{"name":"functions"},"function":{"name":"us-central1-api"},"extension":{},"message":"[runtime-status] [34072] Functions runtime initialized. {\"cwd\":\"E:\\\\react-project-app\\\\amazon-clone\\\\functions\",\"node_version\":\"14.16.1\"}"}}
[debug] [2022-03-12T11:43:34.811Z] [runtime-status] [34072] Disabled runtime features: undefined {"metadata":{"emulator":{"name":"functions"},"function":{"name":"us-central1-api"},"extension":{},"message":"[runtime-status] [34072] Disabled runtime features: undefined"}}
[debug] [2022-03-12T11:43:34.815Z] [runtime-status] [34072] Resolved module firebase-admin {"declared":true,"installed":true,"version":"10.0.2","resolution":"E:\\react-project-app\\amazon-clone\\functions\\node_modules\\firebase-admin\\lib\\index.js"} {"metadata":{"emulator":{"name":"functions"},"function":{"name":"us-central1-api"},"extension":{},"message":"[runtime-status] [34072] Resolved module firebase-admin {\"declared\":true,\"installed\":true,\"version\":\"10.0.2\",\"resolution\":\"E:\\\\react-project-app\\\\amazon-clone\\\\functions\\\\node_modules\\\\firebase-admin\\\\lib\\\\index.js\"}"}}
[debug] [2022-03-12T11:43:34.817Z] [runtime-status] [34072] Resolved module firebase-functions {"declared":true,"installed":true,"version":"3.18.1","resolution":"E:\\react-project-app\\amazon-clone\\functions\\node_modules\\firebase-functions\\lib\\index.js"} {"metadata":{"emulator":{"name":"functions"},"function":{"name":"us-central1-api"},"extension":{},"message":"[runtime-status] [34072] Resolved module firebase-functions {\"declared\":true,\"installed\":true,\"version\":\"3.18.1\",\"resolution\":\"E:\\\\react-project-app\\\\amazon-clone\\\\functions\\\\node_modules\\\\firebase-functions\\\\lib\\\\index.js\"}"}}
[debug] [2022-03-12T11:43:34.818Z] [runtime-status] [34072] Outgoing network have been stubbed. [{"name":"http","status":"mocked"},{"name":"http","status":"mocked"},{"name":"https","status":"mocked"},{"name":"https","status":"mocked"},{"name":"net","status":"mocked"}] {"metadata":{"emulator":{"name":"functions"},"function":{"name":"us-central1-api"},"extension":{},"message":"[runtime-status] [34072] Outgoing network have been stubbed. [{\"name\":\"http\",\"status\":\"mocked\"},{\"name\":\"http\",\"status\":\"mocked\"},{\"name\":\"https\",\"status\":\"mocked\"},{\"name\":\"https\",\"status\":\"mocked\"},{\"name\":\"net\",\"status\":\"mocked\"}]"}}
[debug] [2022-03-12T11:43:34.820Z] [runtime-status] [34072] Resolved module firebase-functions {"declared":true,"installed":true,"version":"3.18.1","resolution":"E:\\react-project-app\\amazon-clone\\functions\\node_modules\\firebase-functions\\lib\\index.js"} {"metadata":{"emulator":{"name":"functions"},"function":{"name":"us-central1-api"},"extension":{},"message":"[runtime-status] [34072] Resolved module firebase-functions {\"declared\":true,\"installed\":true,\"version\":\"3.18.1\",\"resolution\":\"E:\\\\react-project-app\\\\amazon-clone\\\\functions\\\\node_modules\\\\firebase-functions\\\\lib\\\\index.js\"}"}}
[debug] [2022-03-12T11:43:34.877Z] [runtime-status] [34072] Checked functions.config() {"config":{}} {"metadata":{"emulator":{"name":"functions"},"function":{"name":"us-central1-api"},"extension":{},"message":"[runtime-status] [34072] Checked functions.config() {\"config\":{}}"}}
[debug] [2022-03-12T11:43:34.878Z] [runtime-status] [34072] firebase-functions has been stubbed. {"functionsResolution":{"declared":true,"installed":true,"version":"3.18.1","resolution":"E:\\react-project-app\\amazon-clone\\functions\\node_modules\\firebase-functions\\lib\\index.js"}} {"metadata":{"emulator":{"name":"functions"},"function":{"name":"us-central1-api"},"extension":{},"message":"[runtime-status] [34072] firebase-functions has been stubbed. {\"functionsResolution\":{\"declared\":true,\"installed\":true,\"version\":\"3.18.1\",\"resolution\":\"E:\\\\react-project-app\\\\amazon-clone\\\\functions\\\\node_modules\\\\firebase-functions\\\\lib\\\\index.js\"}}"}}
[debug] [2022-03-12T11:43:34.879Z] [runtime-status] [34072] Resolved module firebase-functions {"declared":true,"installed":true,"version":"3.18.1","resolution":"E:\\react-project-app\\amazon-clone\\functions\\node_modules\\firebase-functions\\lib\\index.js"} {"metadata":{"emulator":{"name":"functions"},"function":{"name":"us-central1-api"},"extension":{},"message":"[runtime-status] [34072] Resolved module firebase-functions {\"declared\":true,\"installed\":true,\"version\":\"3.18.1\",\"resolution\":\"E:\\\\react-project-app\\\\amazon-clone\\\\functions\\\\node_modules\\\\firebase-functions\\\\lib\\\\index.js\"}"}}
[debug] [2022-03-12T11:43:34.880Z] [runtime-status] [34072] Resolved module firebase-admin {"declared":true,"installed":true,"version":"10.0.2","resolution":"E:\\react-project-app\\amazon-clone\\functions\\node_modules\\firebase-admin\\lib\\index.js"} {"metadata":{"emulator":{"name":"functions"},"function":{"name":"us-central1-api"},"extension":{},"message":"[runtime-status] [34072] Resolved module firebase-admin {\"declared\":true,\"installed\":true,\"version\":\"10.0.2\",\"resolution\":\"E:\\\\react-project-app\\\\amazon-clone\\\\functions\\\\node_modules\\\\firebase-admin\\\\lib\\\\index.js\"}"}}
[debug] [2022-03-12T11:43:34.881Z] [runtime-status] [34072] Resolved module firebase-functions {"declared":true,"installed":true,"version":"3.18.1","resolution":"E:\\react-project-app\\amazon-clone\\functions\\node_modules\\firebase-functions\\lib\\index.js"} {"metadata":{"emulator":{"name":"functions"},"function":{"name":"us-central1-api"},"extension":{},"message":"[runtime-status] [34072] Resolved module firebase-functions {\"declared\":true,\"installed\":true,\"version\":\"3.18.1\",\"resolution\":\"E:\\\\react-project-app\\\\amazon-clone\\\\functions\\\\node_modules\\\\firebase-functions\\\\lib\\\\index.js\"}"}}
[debug] [2022-03-12T11:43:34.882Z] [runtime-status] [34072] firebase-admin has been stubbed. {"adminResolution":{"declared":true,"installed":true,"version":"10.0.2","resolution":"E:\\react-project-app\\amazon-clone\\functions\\node_modules\\firebase-admin\\lib\\index.js"}} {"metadata":{"emulator":{"name":"functions"},"function":{"name":"us-central1-api"},"extension":{},"message":"[runtime-status] [34072] firebase-admin has been stubbed. {\"adminResolution\":{\"declared\":true,\"installed\":true,\"version\":\"10.0.2\",\"resolution\":\"E:\\\\react-project-app\\\\amazon-clone\\\\functions\\\\node_modules\\\\firebase-admin\\\\lib\\\\index.js\"}}"}}
[debug] [2022-03-12T11:43:35.124Z] [runtime-status] [34072] Beginning invocation function api! {"metadata":{"emulator":{"name":"functions"},"function":{"name":"us-central1-api"},"extension":{},"message":"[runtime-status] [34072] Beginning invocation function api!"}}
[info] i  functions: Beginning execution of "api" {"metadata":{"emulator":{"name":"functions"},"function":{"name":"us-central1-api"},"extension":{},"message":"Beginning execution of \"api\""}}
